# JRE version: OpenJDK Runtime Environment (8.0_242) (build 1.8.0_242-release-1644-b3-6222593)
# Java VM: OpenJDK 64-Bit Server VM (25.242-b3-6222593 mixed mode linux-amd64 compressed oops)
Heap:
 PSYoungGen      total 626176K, used 0K [0x00000000d5580000, 0x0000000100000000, 0x0000000100000000)
  eden space 549888K, 0% used [0x00000000d5580000,0x00000000d5580000,0x00000000f6e80000)
  from space 76288K, 0% used [0x00000000fb580000,0x00000000fb580000,0x0000000100000000)
  to   space 72704K, 0% used [0x00000000f6e80000,0x00000000f6e80000,0x00000000fb580000)
 ParOldGen       total 647680K, used 438803K [0x0000000080000000, 0x00000000a7880000, 0x00000000d5580000)
  object space 647680K, 67% used [0x0000000080000000,0x000000009ac84d48,0x00000000a7880000)
 Metaspace       used 258345K, capacity 269792K, committed 280280K, reserved 1292288K
  class space    used 33601K, capacity 35948K, committed 37592K, reserved 1048576K
GC Heap History (10 events):
Event: 3973.848 GC heap after
Heap after GC invocations=72 (full 6):
 PSYoungGen      total 621056K, used 16896K [0x00000000d5580000, 0x00000000ff780000, 0x0000000100000000)
  eden space 555008K, 0% used [0x00000000d5580000,0x00000000d5580000,0x00000000f7380000)
  from space 66048K, 25% used [0x00000000fb700000,0x00000000fc7803b8,0x00000000ff780000)
  to   space 67584K, 0% used [0x00000000f7380000,0x00000000f7380000,0x00000000fb580000)
 ParOldGen       total 647680K, used 520610K [0x0000000080000000, 0x00000000a7880000, 0x00000000d5580000)
  object space 647680K, 80% used [0x0000000080000000,0x000000009fc689a8,0x00000000a7880000)
 Metaspace       used 266172K, capacity 279532K, committed 279768K, reserved 1292288K
  class space    used 34701K, capacity 37457K, committed 37592K, reserved 1048576K
}
Event: 3975.307 GC heap before
{Heap before GC invocations=73 (full 6):
 PSYoungGen      total 621056K, used 571904K [0x00000000d5580000, 0x00000000ff780000, 0x0000000100000000)
  eden space 555008K, 100% used [0x00000000d5580000,0x00000000f7380000,0x00000000f7380000)
  from space 66048K, 25% used [0x00000000fb700000,0x00000000fc7803b8,0x00000000ff780000)
  to   space 67584K, 0% used [0x00000000f7380000,0x00000000f7380000,0x00000000fb580000)
 ParOldGen       total 647680K, used 520610K [0x0000000080000000, 0x00000000a7880000, 0x00000000d5580000)
  object space 647680K, 80% used [0x0000000080000000,0x000000009fc689a8,0x00000000a7880000)
 Metaspace       used 266229K, capacity 279532K, committed 279768K, reserved 1292288K
  class space    used 34701K, capacity 37457K, committed 37592K, reserved 1048576K
Event: 3975.476 GC heap after
Heap after GC invocations=73 (full 6):
 PSYoungGen      total 622592K, used 34469K [0x00000000d5580000, 0x0000000100000000, 0x0000000100000000)
  eden space 555008K, 0% used [0x00000000d5580000,0x00000000d5580000,0x00000000f7380000)
  from space 67584K, 51% used [0x00000000f7380000,0x00000000f9529540,0x00000000fb580000)
  to   space 67072K, 0% used [0x00000000fbe80000,0x00000000fbe80000,0x0000000100000000)
 ParOldGen       total 647680K, used 531915K [0x0000000080000000, 0x00000000a7880000, 0x00000000d5580000)
  object space 647680K, 82% used [0x0000000080000000,0x00000000a0772c08,0x00000000a7880000)
 Metaspace       used 266229K, capacity 279532K, committed 279768K, reserved 1292288K
  class space    used 34701K, capacity 37457K, committed 37592K, reserved 1048576K
}
Event: 3976.690 GC heap before
{Heap before GC invocations=74 (full 6):
 PSYoungGen      total 622592K, used 589477K [0x00000000d5580000, 0x0000000100000000, 0x0000000100000000)
  eden space 555008K, 100% used [0x00000000d5580000,0x00000000f7380000,0x00000000f7380000)
  from space 67584K, 51% used [0x00000000f7380000,0x00000000f9529540,0x00000000fb580000)
  to   space 67072K, 0% used [0x00000000fbe80000,0x00000000fbe80000,0x0000000100000000)
 ParOldGen       total 647680K, used 531915K [0x0000000080000000, 0x00000000a7880000, 0x00000000d5580000)
  object space 647680K, 82% used [0x0000000080000000,0x00000000a0772c08,0x00000000a7880000)
 Metaspace       used 266253K, capacity 279596K, committed 279768K, reserved 1292288K
  class space    used 34701K, capacity 37457K, committed 37592K, reserved 1048576K
Event: 3976.817 GC heap after
Heap after GC invocations=74 (full 6):
 PSYoungGen      total 614400K, used 59341K [0x00000000d5580000, 0x0000000100000000, 0x0000000100000000)
  eden space 547328K, 0% used [0x00000000d5580000,0x00000000d5580000,0x00000000f6c00000)
  from space 67072K, 88% used [0x00000000fbe80000,0x00000000ff873458,0x0000000100000000)
  to   space 75776K, 0% used [0x00000000f6c00000,0x00000000f6c00000,0x00000000fb600000)
 ParOldGen       total 647680K, used 540868K [0x0000000080000000, 0x00000000a7880000, 0x00000000d5580000)
  object space 647680K, 83% used [0x0000000080000000,0x00000000a1031390,0x00000000a7880000)
 Metaspace       used 266253K, capacity 279596K, committed 279768K, reserved 1292288K
  class space    used 34701K, capacity 37457K, committed 37592K, reserved 1048576K
}
Event: 3978.051 GC heap before
{Heap before GC invocations=75 (full 6):
 PSYoungGen      total 614400K, used 606669K [0x00000000d5580000, 0x0000000100000000, 0x0000000100000000)
  eden space 547328K, 100% used [0x00000000d5580000,0x00000000f6c00000,0x00000000f6c00000)
  from space 67072K, 88% used [0x00000000fbe80000,0x00000000ff873458,0x0000000100000000)
  to   space 75776K, 0% used [0x00000000f6c00000,0x00000000f6c00000,0x00000000fb600000)
 ParOldGen       total 647680K, used 540868K [0x0000000080000000, 0x00000000a7880000, 0x00000000d5580000)
  object space 647680K, 83% used [0x0000000080000000,0x00000000a1031390,0x00000000a7880000)
 Metaspace       used 266391K, capacity 279772K, committed 280024K, reserved 1292288K
  class space    used 34721K, capacity 37493K, committed 37592K, reserved 1048576K
Event: 3978.195 GC heap after
Heap after GC invocations=75 (full 6):
 PSYoungGen      total 589824K, used 42287K [0x00000000d5580000, 0x0000000100000000, 0x0000000100000000)
  eden space 547328K, 0% used [0x00000000d5580000,0x00000000d5580000,0x00000000f6c00000)
  from space 42496K, 99% used [0x00000000f6c00000,0x00000000f954bda0,0x00000000f9580000)
  to   space 76288K, 0% used [0x00000000fb580000,0x00000000fb580000,0x0000000100000000)
 ParOldGen       total 647680K, used 585954K [0x0000000080000000, 0x00000000a7880000, 0x00000000d5580000)
  object space 647680K, 90% used [0x0000000080000000,0x00000000a3c38b10,0x00000000a7880000)
 Metaspace       used 266391K, capacity 279772K, committed 280024K, reserved 1292288K
  class space    used 34721K, capacity 37493K, committed 37592K, reserved 1048576K
}
Event: 3979.534 GC heap before
{Heap before GC invocations=76 (full 6):
 PSYoungGen      total 589824K, used 589615K [0x00000000d5580000, 0x0000000100000000, 0x0000000100000000)
  eden space 547328K, 100% used [0x00000000d5580000,0x00000000f6c00000,0x00000000f6c00000)
  from space 42496K, 99% used [0x00000000f6c00000,0x00000000f954bda0,0x00000000f9580000)
  to   space 76288K, 0% used [0x00000000fb580000,0x00000000fb580000,0x0000000100000000)
 ParOldGen       total 647680K, used 585954K [0x0000000080000000, 0x00000000a7880000, 0x00000000d5580000)
  object space 647680K, 90% used [0x0000000080000000,0x00000000a3c38b10,0x00000000a7880000)
 Metaspace       used 266567K, capacity 280092K, committed 280280K, reserved 1292288K
  class space    used 34755K, capacity 37533K, committed 37592K, reserved 1048576K
Event: 3979.650 GC heap after
Heap after GC invocations=76 (full 6):
 PSYoungGen      total 626176K, used 23863K [0x00000000d5580000, 0x0000000100000000, 0x0000000100000000)
  eden space 549888K, 0% used [0x00000000d5580000,0x00000000d5580000,0x00000000f6e80000)
  from space 76288K, 31% used [0x00000000fb580000,0x00000000fcccdf70,0x0000000100000000)
  to   space 72704K, 0% used [0x00000000f6e80000,0x00000000f6e80000,0x00000000fb580000)
 ParOldGen       total 647680K, used 620747K [0x0000000080000000, 0x00000000a7880000, 0x00000000d5580000)
  object space 647680K, 95% used [0x0000000080000000,0x00000000a5e32f80,0x00000000a7880000)
 Metaspace       used 266567K, capacity 280092K, committed 280280K, reserved 1292288K
  class space    used 34755K, capacity 37533K, committed 37592K, reserved 1048576K
}
Event: 3979.650 GC heap before
{Heap before GC invocations=77 (full 7):
 PSYoungGen      total 626176K, used 23863K [0x00000000d5580000, 0x0000000100000000, 0x0000000100000000)
  eden space 549888K, 0% used [0x00000000d5580000,0x00000000d5580000,0x00000000f6e80000)
  from space 76288K, 31% used [0x00000000fb580000,0x00000000fcccdf70,0x0000000100000000)
  to   space 72704K, 0% used [0x00000000f6e80000,0x00000000f6e80000,0x00000000fb580000)
 ParOldGen       total 647680K, used 620747K [0x0000000080000000, 0x00000000a7880000, 0x00000000d5580000)
  object space 647680K, 95% used [0x0000000080000000,0x00000000a5e32f80,0x00000000a7880000)
 Metaspace       used 266567K, capacity 280092K, committed 280280K, reserved 1292288K
  class space    used 34755K, capacity 37533K, committed 37592K, reserved 1048576K

